<?xml version="1.0" encoding="UTF-8"?>
<!-- Generated by org.testng.reporters.JUnitXMLReporter -->
<testsuite ignored="0" hostname="DESKTOP-AB8PRMV" failures="1" tests="8" name="Linux-Firefox" time="93.382" errors="0" timestamp="2025-06-21T14:56:15 IST">
  <testcase classname="testCases.TC001_AccountRegistrationTest" name="verify_account_registration" time="5.993"/>
  <testcase classname="testCases.TC002_LoginTest" name="login" time="2.678"/>
  <testcase classname="testCases.TC003_LoginDDT" name="verify_loginDDT" time="3.545"/>
  <testcase classname="testCases.TC003_LoginDDT" name="verify_loginDDT" time="2.677"/>
  <testcase classname="testCases.TC003_LoginDDT" name="verify_loginDDT" time="2.718">
    <failure type="java.lang.AssertionError" message="expected [true] but found [false]">
      <![CDATA[java.lang.AssertionError: expected [true] but found [false]
at testCases.TC003_LoginDDT.verify_loginDDT(TC003_LoginDDT.java:55)
at java.base/java.util.ArrayList.forEach(ArrayList.java:1511)
... Removed 31 stack frames]]>
    </failure>
  </testcase> <!-- verify_loginDDT -->
  <testcase classname="testCases.TC003_LoginDDT" name="verify_loginDDT" time="11.671"/>
  <testcase classname="testCases.TC003_LoginDDT" name="verify_loginDDT" time="2.828"/>
  <testcase classname="testCases.TC003_LoginDDT" name="verify_loginDDT" time="11.974"/>
</testsuite> <!-- Linux-Firefox -->
